<?xml version="1.0" encoding="UTF-8"?>
<testng-results skipped="0" failed="0" ignored="0" total="2" passed="2">
  <reporter-output>
  </reporter-output>
  <suite name="Suite" duration-ms="34078" started-at="2022-01-02T09:05:39Z" finished-at="2022-01-02T09:06:13Z">
    <groups>
    </groups>
    <test name="Test" duration-ms="34078" started-at="2022-01-02T09:05:39Z" finished-at="2022-01-02T09:06:13Z">
      <class name="com.pom.testCases.AdminUserTest">
        <test-method status="PASS" signature="setup(java.lang.String)[pri:0, instance:com.pom.testCases.AdminUserTest@167fdd33]" name="setup" is-config="true" duration-ms="20995" started-at="2022-01-02T09:05:39Z" finished-at="2022-01-02T09:06:00Z">
          <params>
            <param index="0">
              <value>
                <![CDATA[chrome]]>
              </value>
            </param>
          </params>
          <reporter-output>
          </reporter-output>
        </test-method> <!-- setup -->
        <test-method status="PASS" signature="checkUsers()[pri:1, instance:com.pom.testCases.AdminUserTest@167fdd33]" name="checkUsers" duration-ms="10885" started-at="2022-01-02T09:06:00Z" finished-at="2022-01-02T09:06:11Z">
          <reporter-output>
          </reporter-output>
        </test-method> <!-- checkUsers -->
        <test-method status="PASS" signature="checkUserStatus()[pri:2, instance:com.pom.testCases.AdminUserTest@167fdd33]" name="checkUserStatus" duration-ms="841" started-at="2022-01-02T09:06:11Z" finished-at="2022-01-02T09:06:12Z">
          <reporter-output>
          </reporter-output>
        </test-method> <!-- checkUserStatus -->
        <test-method status="PASS" signature="tearDown()[pri:0, instance:com.pom.testCases.AdminUserTest@167fdd33]" name="tearDown" is-config="true" duration-ms="1334" started-at="2022-01-02T09:06:12Z" finished-at="2022-01-02T09:06:13Z">
          <reporter-output>
          </reporter-output>
        </test-method> <!-- tearDown -->
      </class> <!-- com.pom.testCases.AdminUserTest -->
    </test> <!-- Test -->
  </suite> <!-- Suite -->
</testng-results>
